   Compiling proc-macro2 v1.0.103
   Compiling quote v1.0.42
   Compiling serde_core v1.0.228
   Compiling serde v1.0.228
   Compiling windows_x86_64_msvc v0.53.1
   Compiling parking_lot_core v0.9.12
   Compiling ahash v0.7.8
   Compiling serde_json v1.0.145
    Checking equivalent v1.0.2
   Compiling pest_meta v2.8.4
   Compiling cmake v0.1.54
    Checking winapi-util v0.1.11
    Checking pest v2.8.4
    Checking regex-automata v0.4.13
    Checking anstream v0.6.21
    Checking lock_api v0.4.14
    Checking toml_write v0.1.2
    Checking winnow v0.7.14
    Checking strsim v0.11.1
    Checking ryu v1.0.20
   Compiling thiserror v1.0.69
    Checking bitflags v1.3.2
    Checking indexmap v2.12.1
error: linker `link.exe` not found
  |
  = note: program not found

note: the msvc targets depend on the msvc linker but `link.exe` was not found

note: please ensure that Visual Studio 2017 or later, or Build Tools for Visual Studio were installed with the Visual C++ option.

note: VS Code is a different product, and is not sufficient.

    Checking linked-hash-map v0.5.6
   Compiling anyhow v1.0.100
error: could not compile `ahash` (build script) due to 1 previous error
warning: build failed, waiting for other jobs to finish...
error: could not compile `windows_x86_64_msvc` (build script) due to 1 previous error
error: could not compile `quote` (build script) due to 1 previous error
error: could not compile `proc-macro2` (build script) due to 1 previous error
error: could not compile `serde_json` (build script) due to 1 previous error
error: could not compile `parking_lot_core` (build script) due to 1 previous error
error: could not compile `serde` (build script) due to 1 previous error
error: could not compile `serde_core` (build script) due to 1 previous error
error: could not compile `thiserror` (build script) due to 1 previous error
error: could not compile `anyhow` (build script) due to 1 previous error
