   Compiling proc-macro2 v1.0.103
   Compiling quote v1.0.42
   Compiling serde_core v1.0.228
   Compiling serde v1.0.228
   Compiling windows_x86_64_msvc v0.53.1
   Compiling parking_lot_core v0.9.12
   Compiling ahash v0.7.8
   Compiling serde_json v1.0.145
   Compiling thiserror v1.0.69
   Compiling anyhow v1.0.100
   Compiling chimera_node v0.1.0 (C:\Users\thook\Documents\Antigravity\TorI2P_SuperNode)
error: linker `link.exe` not found
  |
  = note: program not found

note: the msvc targets depend on the msvc linker but `link.exe` was not found

note: please ensure that Visual Studio 2017 or later, or Build Tools for Visual Studio were installed with the Visual C++ option.

note: VS Code is a different product, and is not sufficient.

error: could not compile `serde` (build script) due to 1 previous error
warning: build failed, waiting for other jobs to finish...
error: could not compile `proc-macro2` (build script) due to 1 previous error
error: could not compile `windows_x86_64_msvc` (build script) due to 1 previous error
error: could not compile `quote` (build script) due to 1 previous error
error: could not compile `ahash` (build script) due to 1 previous error
error: could not compile `serde_core` (build script) due to 1 previous error
error: could not compile `serde_json` (build script) due to 1 previous error
error: could not compile `parking_lot_core` (build script) due to 1 previous error
error: could not compile `chimera_node` (build script) due to 1 previous error
error: could not compile `thiserror` (build script) due to 1 previous error
error: could not compile `anyhow` (build script) due to 1 previous error
